<?xml version="1.0" encoding="UTF-8"?>
<!-- Generated by org.testng.reporters.JUnitXMLReporter -->
<testsuite ignored="0" hostname="DESKTOP-DIC7RLC" failures="0" tests="15" name="Test" time="5.973" errors="0" timestamp="2021-11-01T14:59:27 IST">
  <testcase classname="test.DeleteRequests.DeleteRequestTest" name="verifyDeleteEndPoint" time="2.019"/>
  <testcase classname="test.GetRequests.GetResuestTests" name="getAlbumInvalid" time="0.221"/>
  <testcase classname="test.GetRequests.GetResuestTests" name="getAlbumTen" time="0.524"/>
  <testcase classname="test.GetRequests.GetResuestTests" name="getAllPost" time="0.266"/>
  <testcase classname="test.GetRequests.GetResuestTests" name="getCommentsUnderFirstPost" time="0.129"/>
  <testcase classname="test.GetRequests.GetResuestTests" name="getFirstPost" time="0.202"/>
  <testcase classname="test.GetRequests.GetResuestTests" name="getFirstPostComment" time="0.185"/>
  <testcase classname="test.GetRequests.GetResuestTests" name="getFirstPostCommentInvalid" time="0.135"/>
  <testcase classname="test.GetRequests.GetResuestTests" name="getInvalidComment" time="0.134"/>
  <testcase classname="test.GetRequests.GetResuestTests" name="getInvalidPost" time="0.128"/>
  <testcase classname="test.GetRequests.GetResuestTests" name="getVeriFyEmailForFifthID" time="0.137"/>
  <testcase classname="test.GetRequests.GetResuestTests" name="getVeriFyIDHundrade" time="0.171"/>
  <testcase classname="test.PatchRequests.PatchRequestTest" name="verifyPutEndPoint" time="0.614"/>
  <testcase classname="test.PostRequests.PostRequestTest" name="verifyPostEndPoint" time="0.551"/>
  <testcase classname="test.PutRequest.PutRequestTest" name="verifyPatchEndPoint" time="0.504"/>
</testsuite> <!-- Test -->
