<?xml version="1.0" encoding="UTF-8"?>
<!-- Generated by org.testng.reporters.JUnitXMLReporter -->
<testsuite ignored="10" hostname="DESKTOP-DIC7RLC" failures="0" tests="1" name="Default test" time="1.788" errors="0" timestamp="2021-11-01T14:46:52 IST">
  <testcase classname="test.GetRequests.GetResuestTests" name="getInvalidComment" time="1.751"/>
  <testcase classname="test.GetRequests.GetResuestTests" name="getAlbumInvalid" time="0.0">
    <ignored/>
  </testcase> <!-- getAlbumInvalid -->
  <testcase classname="test.GetRequests.GetResuestTests" name="getFirstPostComment" time="0.0">
    <ignored/>
  </testcase> <!-- getFirstPostComment -->
  <testcase classname="test.GetRequests.GetResuestTests" name="getAlbumTen" time="0.0">
    <ignored/>
  </testcase> <!-- getAlbumTen -->
  <testcase classname="test.GetRequests.GetResuestTests" name="getCommentsUnderFirstPost" time="0.0">
    <ignored/>
  </testcase> <!-- getCommentsUnderFirstPost -->
  <testcase classname="test.GetRequests.GetResuestTests" name="getFirstPostCommentInvalid" time="0.0">
    <ignored/>
  </testcase> <!-- getFirstPostCommentInvalid -->
  <testcase classname="test.GetRequests.GetResuestTests" name="getVeriFyIDHundrade" time="0.0">
    <ignored/>
  </testcase> <!-- getVeriFyIDHundrade -->
  <testcase classname="test.GetRequests.GetResuestTests" name="getAllPost" time="0.0">
    <ignored/>
  </testcase> <!-- getAllPost -->
  <testcase classname="test.GetRequests.GetResuestTests" name="getFirstPost" time="0.0">
    <ignored/>
  </testcase> <!-- getFirstPost -->
  <testcase classname="test.GetRequests.GetResuestTests" name="getInvalidPost" time="0.0">
    <ignored/>
  </testcase> <!-- getInvalidPost -->
  <testcase classname="test.GetRequests.GetResuestTests" name="getVeriFyEmailForFifthID" time="0.0">
    <ignored/>
  </testcase> <!-- getVeriFyEmailForFifthID -->
</testsuite> <!-- Default test -->
