<?xml version="1.0" encoding="UTF-8"?>
<testng-results ignored="0" total="15" passed="15" failed="0" skipped="0">
  <reporter-output>
  </reporter-output>
  <suite started-at="2021-11-01T14:59:21 IST" name="Suite" finished-at="2021-11-01T14:59:27 IST" duration-ms="5973">
    <groups>
    </groups>
    <test started-at="2021-11-01T14:59:21 IST" name="Test" finished-at="2021-11-01T14:59:27 IST" duration-ms="5973">
      <class name="test.PostRequests.PostRequestTest">
        <test-method signature="verifyPostEndPoint()[pri:0, instance:test.PostRequests.PostRequestTest@625732]" started-at="2021-11-01T14:59:26 IST" name="verifyPostEndPoint" finished-at="2021-11-01T14:59:26 IST" duration-ms="551" status="PASS">
          <reporter-output>
          </reporter-output>
        </test-method> <!-- verifyPostEndPoint -->
      </class> <!-- test.PostRequests.PostRequestTest -->
      <class name="test.GetRequests.GetResuestTests">
        <test-method signature="getAlbumInvalid()[pri:0, instance:test.GetRequests.GetResuestTests@41fecb8b]" started-at="2021-11-01T14:59:23 IST" name="getAlbumInvalid" finished-at="2021-11-01T14:59:23 IST" duration-ms="221" status="PASS">
          <reporter-output>
          </reporter-output>
        </test-method> <!-- getAlbumInvalid -->
        <test-method signature="getAlbumTen()[pri:0, instance:test.GetRequests.GetResuestTests@41fecb8b]" started-at="2021-11-01T14:59:23 IST" name="getAlbumTen" finished-at="2021-11-01T14:59:24 IST" duration-ms="524" status="PASS">
          <reporter-output>
          </reporter-output>
        </test-method> <!-- getAlbumTen -->
        <test-method signature="getAllPost()[pri:0, instance:test.GetRequests.GetResuestTests@41fecb8b]" started-at="2021-11-01T14:59:24 IST" name="getAllPost" finished-at="2021-11-01T14:59:24 IST" duration-ms="266" status="PASS">
          <reporter-output>
          </reporter-output>
        </test-method> <!-- getAllPost -->
        <test-method signature="getCommentsUnderFirstPost()[pri:0, instance:test.GetRequests.GetResuestTests@41fecb8b]" started-at="2021-11-01T14:59:24 IST" name="getCommentsUnderFirstPost" finished-at="2021-11-01T14:59:24 IST" duration-ms="129" status="PASS">
          <reporter-output>
          </reporter-output>
        </test-method> <!-- getCommentsUnderFirstPost -->
        <test-method signature="getFirstPost()[pri:0, instance:test.GetRequests.GetResuestTests@41fecb8b]" started-at="2021-11-01T14:59:24 IST" name="getFirstPost" finished-at="2021-11-01T14:59:24 IST" duration-ms="202" status="PASS">
          <reporter-output>
          </reporter-output>
        </test-method> <!-- getFirstPost -->
        <test-method signature="getFirstPostComment()[pri:0, instance:test.GetRequests.GetResuestTests@41fecb8b]" started-at="2021-11-01T14:59:24 IST" name="getFirstPostComment" finished-at="2021-11-01T14:59:25 IST" duration-ms="185" status="PASS">
          <reporter-output>
          </reporter-output>
        </test-method> <!-- getFirstPostComment -->
        <test-method signature="getFirstPostCommentInvalid()[pri:0, instance:test.GetRequests.GetResuestTests@41fecb8b]" started-at="2021-11-01T14:59:25 IST" name="getFirstPostCommentInvalid" finished-at="2021-11-01T14:59:25 IST" duration-ms="135" status="PASS">
          <reporter-output>
          </reporter-output>
        </test-method> <!-- getFirstPostCommentInvalid -->
        <test-method signature="getInvalidComment()[pri:0, instance:test.GetRequests.GetResuestTests@41fecb8b]" started-at="2021-11-01T14:59:25 IST" name="getInvalidComment" finished-at="2021-11-01T14:59:25 IST" duration-ms="134" status="PASS">
          <reporter-output>
          </reporter-output>
        </test-method> <!-- getInvalidComment -->
        <test-method signature="getInvalidPost()[pri:0, instance:test.GetRequests.GetResuestTests@41fecb8b]" started-at="2021-11-01T14:59:25 IST" name="getInvalidPost" finished-at="2021-11-01T14:59:25 IST" duration-ms="128" status="PASS">
          <reporter-output>
          </reporter-output>
        </test-method> <!-- getInvalidPost -->
        <test-method signature="getVeriFyEmailForFifthID()[pri:0, instance:test.GetRequests.GetResuestTests@41fecb8b]" started-at="2021-11-01T14:59:25 IST" name="getVeriFyEmailForFifthID" finished-at="2021-11-01T14:59:25 IST" duration-ms="137" status="PASS">
          <reporter-output>
          </reporter-output>
        </test-method> <!-- getVeriFyEmailForFifthID -->
        <test-method signature="getVeriFyIDHundrade()[pri:0, instance:test.GetRequests.GetResuestTests@41fecb8b]" started-at="2021-11-01T14:59:25 IST" name="getVeriFyIDHundrade" finished-at="2021-11-01T14:59:25 IST" duration-ms="171" status="PASS">
          <reporter-output>
          </reporter-output>
        </test-method> <!-- getVeriFyIDHundrade -->
      </class> <!-- test.GetRequests.GetResuestTests -->
      <class name="test.DeleteRequests.DeleteRequestTest">
        <test-method signature="verifyDeleteEndPoint()[pri:0, instance:test.DeleteRequests.DeleteRequestTest@3a6bb9bf]" started-at="2021-11-01T14:59:21 IST" name="verifyDeleteEndPoint" finished-at="2021-11-01T14:59:23 IST" duration-ms="2019" status="PASS">
          <reporter-output>
          </reporter-output>
        </test-method> <!-- verifyDeleteEndPoint -->
      </class> <!-- test.DeleteRequests.DeleteRequestTest -->
      <class name="test.PutRequest.PutRequestTest">
        <test-method signature="verifyPatchEndPoint()[pri:0, instance:test.PutRequest.PutRequestTest@51dcb805]" started-at="2021-11-01T14:59:26 IST" name="verifyPatchEndPoint" finished-at="2021-11-01T14:59:27 IST" duration-ms="504" status="PASS">
          <reporter-output>
          </reporter-output>
        </test-method> <!-- verifyPatchEndPoint -->
      </class> <!-- test.PutRequest.PutRequestTest -->
      <class name="test.PatchRequests.PatchRequestTest">
        <test-method signature="verifyPutEndPoint()[pri:0, instance:test.PatchRequests.PatchRequestTest@120f102b]" started-at="2021-11-01T14:59:25 IST" name="verifyPutEndPoint" finished-at="2021-11-01T14:59:26 IST" duration-ms="614" status="PASS">
          <reporter-output>
          </reporter-output>
        </test-method> <!-- verifyPutEndPoint -->
      </class> <!-- test.PatchRequests.PatchRequestTest -->
    </test> <!-- Test -->
  </suite> <!-- Suite -->
</testng-results>
